<!DOCTYPE html>
<html>
<head>
<meta http-equiv="Content-Type" content="text/html; charset=utf-8"/>
<meta http-equiv="x-ua-compatible" content="IE=edge"/>
<title>Test results - ProductApiIntegrationTest</title>
<link href="../css/base-style.css" rel="stylesheet" type="text/css"/>
<link href="../css/style.css" rel="stylesheet" type="text/css"/>
<script src="../js/report.js" type="text/javascript"></script>
</head>
<body>
<div id="content">
<h1>ProductApiIntegrationTest</h1>
<div class="breadcrumbs">
<a href="../index.html">all</a> &gt; 
<a href="../packages/com.example.samplebootapp.presentation.api.html">com.example.samplebootapp.presentation.api</a> &gt; ProductApiIntegrationTest</div>
<div id="summary">
<table>
<tr>
<td>
<div class="summaryGroup">
<table>
<tr>
<td>
<div class="infoBox" id="tests">
<div class="counter">3</div>
<p>tests</p>
</div>
</td>
<td>
<div class="infoBox" id="failures">
<div class="counter">3</div>
<p>failures</p>
</div>
</td>
<td>
<div class="infoBox" id="ignored">
<div class="counter">0</div>
<p>ignored</p>
</div>
</td>
<td>
<div class="infoBox" id="duration">
<div class="counter">1.320s</div>
<p>duration</p>
</div>
</td>
</tr>
</table>
</div>
</td>
<td>
<div class="infoBox failures" id="successRate">
<div class="percent">0%</div>
<p>successful</p>
</div>
</td>
</tr>
</table>
</div>
<div class="tab-container">
<ul class="tabLinks">
<li>
<a href="#">Failed tests</a>
</li>
<li>
<a href="#">Tests</a>
</li>
<li>
<a href="#">Standard output</a>
</li>
<li>
<a href="#">Standard error</a>
</li>
</ul>
<div class="tab">
<h2>Failed tests</h2>
<div class="test">
<a name="testGetProductById()"></a>
<h3 class="failures">商品詳細取得APIの統合テスト: 存在するID指定でステータスコード200と正しいJSONレスポンスが返ること</h3>
<span class="code">
<pre id="test-message-testGetProductById()">java.lang.AssertionError: Status expected:&lt;200&gt; but was:&lt;401&gt;
	at org.springframework.test.util.AssertionErrors.fail(AssertionErrors.java:62)
	at org.springframework.test.util.AssertionErrors.assertEquals(AssertionErrors.java:129)
	at org.springframework.test.web.servlet.result.StatusResultMatchers.lambda$matcher$0(StatusResultMatchers.java:600)
	at org.springframework.test.web.servlet.MockMvc$1.andExpect(MockMvc.java:212)
	at com.example.samplebootapp.presentation.api.ProductApiIntegrationTest.testGetProductById(ProductApiIntegrationTest.java:62)
</pre>
<button class="clipboard-copy-btn" aria-label="Copy to clipboard" data-copy-element-id="test-message-testGetProductById()">Copy</button>
</span>
</div>
<div class="test">
<a name="testGetProductByIdNotFound()"></a>
<h3 class="failures">商品詳細取得APIの統合テスト: 存在しないID指定でステータスコード404が返ること</h3>
<span class="code">
<pre id="test-message-testGetProductByIdNotFound()">java.lang.AssertionError: Status expected:&lt;404&gt; but was:&lt;401&gt;
	at org.springframework.test.util.AssertionErrors.fail(AssertionErrors.java:62)
	at org.springframework.test.util.AssertionErrors.assertEquals(AssertionErrors.java:129)
	at org.springframework.test.web.servlet.result.StatusResultMatchers.lambda$matcher$0(StatusResultMatchers.java:600)
	at org.springframework.test.web.servlet.MockMvc$1.andExpect(MockMvc.java:212)
	at com.example.samplebootapp.presentation.api.ProductApiIntegrationTest.testGetProductByIdNotFound(ProductApiIntegrationTest.java:72)
</pre>
<button class="clipboard-copy-btn" aria-label="Copy to clipboard" data-copy-element-id="test-message-testGetProductByIdNotFound()">Copy</button>
</span>
</div>
<div class="test">
<a name="testGetProducts()"></a>
<h3 class="failures">商品一覧取得APIの統合テスト: ステータスコード200と正しいJSONレスポンスが返ること</h3>
<span class="code">
<pre id="test-message-testGetProducts()">java.lang.AssertionError: Status expected:&lt;200&gt; but was:&lt;401&gt;
	at org.springframework.test.util.AssertionErrors.fail(AssertionErrors.java:62)
	at org.springframework.test.util.AssertionErrors.assertEquals(AssertionErrors.java:129)
	at org.springframework.test.web.servlet.result.StatusResultMatchers.lambda$matcher$0(StatusResultMatchers.java:600)
	at org.springframework.test.web.servlet.MockMvc$1.andExpect(MockMvc.java:212)
	at com.example.samplebootapp.presentation.api.ProductApiIntegrationTest.testGetProducts(ProductApiIntegrationTest.java:32)
</pre>
<button class="clipboard-copy-btn" aria-label="Copy to clipboard" data-copy-element-id="test-message-testGetProducts()">Copy</button>
</span>
</div>
</div>
<div class="tab">
<h2>Tests</h2>
<table>
<thead>
<tr>
<th>Test</th>
<th>Method name</th>
<th>Duration</th>
<th>Result</th>
</tr>
</thead>
<tr>
<td class="failures">商品詳細取得APIの統合テスト: 存在するID指定でステータスコード200と正しいJSONレスポンスが返ること</td>
<td class="failures">testGetProductById()</td>
<td class="failures">0.044s</td>
<td class="failures">failed</td>
</tr>
<tr>
<td class="failures">商品詳細取得APIの統合テスト: 存在しないID指定でステータスコード404が返ること</td>
<td class="failures">testGetProductByIdNotFound()</td>
<td class="failures">0.930s</td>
<td class="failures">failed</td>
</tr>
<tr>
<td class="failures">商品一覧取得APIの統合テスト: ステータスコード200と正しいJSONレスポンスが返ること</td>
<td class="failures">testGetProducts()</td>
<td class="failures">0.346s</td>
<td class="failures">failed</td>
</tr>
</table>
</div>
<div class="tab">
<h2>Standard output</h2>
<span class="code">
<pre id="class-stdout">15:22:14.345 [Test worker] INFO org.springframework.test.context.support.AnnotationConfigContextLoaderUtils -- Could not detect default configuration classes for test class [com.example.samplebootapp.presentation.api.ProductApiIntegrationTest]: ProductApiIntegrationTest does not declare any static, non-private, non-final, nested classes annotated with @Configuration.
15:22:14.585 [Test worker] INFO org.springframework.boot.test.context.SpringBootTestContextBootstrapper -- Found @SpringBootConfiguration com.example.samplebootapp.SpringBootAppApplication for test class com.example.samplebootapp.presentation.api.ProductApiIntegrationTest

  .   ____          _            __ _ _
 /\\ / ___'_ __ _ _(_)_ __  __ _ \ \ \ \
( ( )\___ | '_ | '_| | '_ \/ _` | \ \ \ \
 \\/  ___)| |_)| | | | | || (_| |  ) ) ) )
  '  |____| .__|_| |_|_| |_\__, | / / / /
 =========|_|==============|___/=/_/_/_/

 :: Spring Boot ::                (v4.0.1)

2026-01-02 15:22:15.894  INFO 3114 --- [    Test worker] c.e.s.p.api.ProductApiIntegrationTest    : [,] Starting ProductApiIntegrationTest using Java 17.0.17 with PID 3114 (started by runner in /home/runner/work/sample-boot-app/sample-boot-app)
2026-01-02 15:22:15.895 DEBUG 3114 --- [    Test worker] c.e.s.p.api.ProductApiIntegrationTest    : [,] Running with Spring Boot v4.0.1, Spring v7.0.2
2026-01-02 15:22:15.898  INFO 3114 --- [    Test worker] c.e.s.p.api.ProductApiIntegrationTest    : [,] The following 1 profile is active: &quot;dev&quot;
2026-01-02 15:22:18.289  INFO 3114 --- [    Test worker] o.s.cloud.context.scope.GenericScope     : [,] BeanFactory id=d175f01f-806f-3f7c-a6d8-cf909b64c057
2026-01-02 15:22:20.131  WARN 3114 --- [    Test worker] .s.a.UserDetailsServiceAutoConfiguration : [,] 

Using generated security password: a7f1b958-bf6c-4de5-96cc-92152bd3f20b

This generated password is for development use only. Your security configuration must be updated before running your application in production.

2026-01-02 15:22:20.166  INFO 3114 --- [    Test worker] r$InitializeUserDetailsManagerConfigurer : [,] Global AuthenticationManager configured with UserDetailsService bean with name inMemoryUserDetailsManager
2026-01-02 15:22:20.472  INFO 3114 --- [    Test worker] o.s.b.a.e.web.EndpointLinksResolver      : [,] Exposing 2 endpoints beneath base path '/actuator'
2026-01-02 15:22:20.643  INFO 3114 --- [    Test worker] o.s.b.t.m.w.SpringBootMockServletContext : [,] Initializing Spring TestDispatcherServlet ''
2026-01-02 15:22:20.643  INFO 3114 --- [    Test worker] o.s.t.web.servlet.TestDispatcherServlet  : [,] Initializing Servlet ''
2026-01-02 15:22:20.645  INFO 3114 --- [    Test worker] o.s.t.web.servlet.TestDispatcherServlet  : [,] Completed initialization in 1 ms
2026-01-02 15:22:20.764  INFO 3114 --- [    Test worker] c.e.s.p.api.ProductApiIntegrationTest    : [,] Started ProductApiIntegrationTest in 5.671 seconds (process running for 8.449)
2026-01-02 15:22:21.765  WARN 3114 --- [    Test worker] o.s.w.s.h.HandlerMappingIntrospector     : [6957e2ad6ce44ea1768bddce45d985a5,f14cc7c6d1c8e93d] Cache miss for REQUEST dispatch to '/api/products/P999' (previous null). Performing CorsConfiguration lookup. This is logged once only at WARN level, and every time at TRACE.

MockHttpServletRequest:
      HTTP Method = GET
      Request URI = /api/products/P999
       Parameters = {}
          Headers = []
             Body = null
    Session Attrs = {SPRING_SECURITY_SAVED_REQUEST=DefaultSavedRequest [http://localhost/api/products/P999?continue]}

Handler:
             Type = null

Async:
    Async started = false
     Async result = null

Resolved Exception:
             Type = null

ModelAndView:
        View name = null
             View = null
            Model = null

FlashMap:
       Attributes = null

MockHttpServletResponse:
           Status = 401
    Error message = Unauthorized
          Headers = [WWW-Authenticate:&quot;Basic realm=&quot;Realm&quot;&quot;, X-Content-Type-Options:&quot;nosniff&quot;, X-XSS-Protection:&quot;0&quot;, Cache-Control:&quot;no-cache, no-store, max-age=0, must-revalidate&quot;, Pragma:&quot;no-cache&quot;, Expires:&quot;0&quot;, X-Frame-Options:&quot;DENY&quot;]
     Content type = null
             Body = 
    Forwarded URL = null
   Redirected URL = null
          Cookies = []
2026-01-02 15:22:21.845  INFO 3114 --- [    Test worker] com.zaxxer.hikari.HikariDataSource       : [,] SpringHikariCP - Starting...
2026-01-02 15:22:22.105  INFO 3114 --- [    Test worker] com.zaxxer.hikari.pool.HikariPool        : [,] SpringHikariCP - Added connection org.postgresql.jdbc.PgConnection@77b760b3
2026-01-02 15:22:22.110  INFO 3114 --- [    Test worker] com.zaxxer.hikari.HikariDataSource       : [,] SpringHikariCP - Start completed.

MockHttpServletRequest:
      HTTP Method = GET
      Request URI = /api/products
       Parameters = {}
          Headers = []
             Body = null
    Session Attrs = {SPRING_SECURITY_SAVED_REQUEST=DefaultSavedRequest [http://localhost/api/products?continue]}

Handler:
             Type = null

Async:
    Async started = false
     Async result = null

Resolved Exception:
             Type = null

ModelAndView:
        View name = null
             View = null
            Model = null

FlashMap:
       Attributes = null

MockHttpServletResponse:
           Status = 401
    Error message = Unauthorized
          Headers = [WWW-Authenticate:&quot;Basic realm=&quot;Realm&quot;&quot;, X-Content-Type-Options:&quot;nosniff&quot;, X-XSS-Protection:&quot;0&quot;, Cache-Control:&quot;no-cache, no-store, max-age=0, must-revalidate&quot;, Pragma:&quot;no-cache&quot;, Expires:&quot;0&quot;, X-Frame-Options:&quot;DENY&quot;]
     Content type = null
             Body = 
    Forwarded URL = null
   Redirected URL = null
          Cookies = []

MockHttpServletRequest:
      HTTP Method = GET
      Request URI = /api/products/P001
       Parameters = {}
          Headers = []
             Body = null
    Session Attrs = {SPRING_SECURITY_SAVED_REQUEST=DefaultSavedRequest [http://localhost/api/products/P001?continue]}

Handler:
             Type = null

Async:
    Async started = false
     Async result = null

Resolved Exception:
             Type = null

ModelAndView:
        View name = null
             View = null
            Model = null

FlashMap:
       Attributes = null

MockHttpServletResponse:
           Status = 401
    Error message = Unauthorized
          Headers = [WWW-Authenticate:&quot;Basic realm=&quot;Realm&quot;&quot;, X-Content-Type-Options:&quot;nosniff&quot;, X-XSS-Protection:&quot;0&quot;, Cache-Control:&quot;no-cache, no-store, max-age=0, must-revalidate&quot;, Pragma:&quot;no-cache&quot;, Expires:&quot;0&quot;, X-Frame-Options:&quot;DENY&quot;]
     Content type = null
             Body = 
    Forwarded URL = null
   Redirected URL = null
          Cookies = []
</pre>
<button class="clipboard-copy-btn" aria-label="Copy to clipboard" data-copy-element-id="class-stdout">Copy</button>
</span>
</div>
<div class="tab">
<h2>Standard error</h2>
<span class="code">
<pre id="class-stderr">15:22:15,722 |-WARN in ch.qos.logback.core.model.processor.AppenderModelHandler - Appender named [ASYNC_CONSOLE] not referenced. Skipping further processing.
</pre>
<button class="clipboard-copy-btn" aria-label="Copy to clipboard" data-copy-element-id="class-stderr">Copy</button>
</span>
</div>
</div>
<div id="footer">
<p>
<div>
<label class="hidden" id="label-for-line-wrapping-toggle" for="line-wrapping-toggle">Wrap lines
<input id="line-wrapping-toggle" type="checkbox" autocomplete="off"/>
</label>
</div>Generated by 
<a href="https://www.gradle.org">Gradle 9.2.1</a> at Jan 2, 2026, 3:22:22 PM</p>
</div>
</div>
</body>
</html>
